[debug] [2023-08-10T17:31:11.933Z] ----------------------------------------------------------------------
[debug] [2023-08-10T17:31:11.939Z] Command:       C:\Program Files\nodejs\node.exe C:\Users\Mieraf\AppData\Roaming\npm\node_modules\firebase-tools\lib\bin\firebase.js emulators:start
[debug] [2023-08-10T17:31:11.940Z] CLI Version:   12.4.7
[debug] [2023-08-10T17:31:11.942Z] Platform:      win32
[debug] [2023-08-10T17:31:11.943Z] Node Version:  v18.16.0
[debug] [2023-08-10T17:31:11.945Z] Time:          Thu Aug 10 2023 13:31:11 GMT-0400 (Eastern Daylight Time)
[debug] [2023-08-10T17:31:11.945Z] ----------------------------------------------------------------------
[debug] 
[debug] [2023-08-10T17:31:12.226Z] > command requires scopes: ["email","openid","https://www.googleapis.com/auth/cloudplatformprojects.readonly","https://www.googleapis.com/auth/firebase","https://www.googleapis.com/auth/cloud-platform"]
[debug] [2023-08-10T17:31:12.228Z] > authorizing via signed-in user (mierafg454@gmail.com)
[info] i  emulators: Starting emulators: functions {"metadata":{"emulator":{"name":"hub"},"message":"Starting emulators: functions"}}
[debug] [2023-08-10T17:31:12.270Z] [logging] Logging Emulator only supports listening on one address (127.0.0.1). Not listening on ::1
[debug] [2023-08-10T17:31:12.273Z] assigned listening specs for emulators {"user":{"hub":[{"address":"127.0.0.1","family":"IPv4","port":4400},{"address":"::1","family":"IPv6","port":4400}],"ui":[{"address":"127.0.0.1","family":"IPv4","port":4000},{"address":"::1","family":"IPv6","port":4000}],"logging":[{"address":"127.0.0.1","family":"IPv4","port":4500}]},"metadata":{"message":"assigned listening specs for emulators"}}
[debug] [2023-08-10T17:31:12.298Z] [hub] writing locator at C:\Users\Mieraf\AppData\Local\Temp\hub-clone-af9b6.json
[debug] [2023-08-10T17:31:12.341Z] [functions] Functions Emulator only supports listening on one address (127.0.0.1). Not listening on ::1
[debug] [2023-08-10T17:31:12.342Z] [eventarc] Eventarc Emulator only supports listening on one address (127.0.0.1). Not listening on ::1
[debug] [2023-08-10T17:31:12.342Z] late-assigned ports for functions and eventarc emulators {"user":{"hub":[{"address":"127.0.0.1","family":"IPv4","port":4400},{"address":"::1","family":"IPv6","port":4400}],"ui":[{"address":"127.0.0.1","family":"IPv4","port":4000},{"address":"::1","family":"IPv6","port":4000}],"logging":[{"address":"127.0.0.1","family":"IPv4","port":4500}],"functions":[{"address":"127.0.0.1","family":"IPv4","port":5001}],"eventarc":[{"address":"127.0.0.1","family":"IPv4","port":9299}]},"metadata":{"message":"late-assigned ports for functions and eventarc emulators"}}
[warn] !  functions: The following emulators are not running, calls to these services from the Functions emulator will affect production: auth, firestore, database, hosting, pubsub, storage {"metadata":{"emulator":{"name":"functions"},"message":"The following emulators are not running, calls to these services from the Functions emulator will affect production: \u001b[1mauth, firestore, database, hosting, pubsub, storage\u001b[22m"}}
[debug] [2023-08-10T17:31:12.348Z] defaultcredentials: writing to file C:\Users\Mieraf\AppData\Roaming\firebase\mierafg454_gmail_com_application_default_credentials.json
[debug] [2023-08-10T17:31:12.353Z] Setting GAC to C:\Users\Mieraf\AppData\Roaming\firebase\mierafg454_gmail_com_application_default_credentials.json {"metadata":{"emulator":{"name":"functions"},"message":"Setting GAC to C:\\Users\\Mieraf\\AppData\\Roaming\\firebase\\mierafg454_gmail_com_application_default_credentials.json"}}
[debug] [2023-08-10T17:31:12.357Z] >>> [apiv2][query] GET https://firebase.googleapis.com/v1beta1/projects/clone-af9b6/adminSdkConfig [none]
[debug] [2023-08-10T17:31:12.749Z] <<< [apiv2][status] GET https://firebase.googleapis.com/v1beta1/projects/clone-af9b6/adminSdkConfig 200
[debug] [2023-08-10T17:31:12.749Z] <<< [apiv2][body] GET https://firebase.googleapis.com/v1beta1/projects/clone-af9b6/adminSdkConfig {"projectId":"clone-af9b6","storageBucket":"clone-af9b6.appspot.com"}
[debug] [2023-08-10T17:31:12.818Z] Ignoring unsupported arg: auto_download {"metadata":{"emulator":{"name":"ui"},"message":"Ignoring unsupported arg: auto_download"}}
[debug] [2023-08-10T17:31:12.819Z] Ignoring unsupported arg: port {"metadata":{"emulator":{"name":"ui"},"message":"Ignoring unsupported arg: port"}}
[debug] [2023-08-10T17:31:12.820Z] Starting Emulator UI with command {"binary":"node","args":["C:\\Users\\Mieraf\\.cache\\firebase\\emulators\\ui-v1.11.7\\server\\server.js"],"optionalArgs":[],"joinArgs":false} {"metadata":{"emulator":{"name":"ui"},"message":"Starting Emulator UI with command {\"binary\":\"node\",\"args\":[\"C:\\\\Users\\\\Mieraf\\\\.cache\\\\firebase\\\\emulators\\\\ui-v1.11.7\\\\server\\\\server.js\"],\"optionalArgs\":[],\"joinArgs\":false}"}}
[info] i  ui: Emulator UI logging to ui-debug.log {"metadata":{"emulator":{"name":"ui"},"message":"Emulator UI logging to \u001b[1mui-debug.log\u001b[22m"}}
[debug] [2023-08-10T17:31:13.135Z] Web / API server started at 127.0.0.1:4000
 {"metadata":{"emulator":{"name":"ui"},"message":"Web / API server started at 127.0.0.1:4000\n"}}
[debug] [2023-08-10T17:31:13.135Z] Web / API server started at ::1:4000
 {"metadata":{"emulator":{"name":"ui"},"message":"Web / API server started at ::1:4000\n"}}
[info] i  functions: Watching "C:\Users\Mieraf\Desktop\EVANGADI\PracticeProject\adiss\amazon\functions" for Cloud Functions... {"metadata":{"emulator":{"name":"functions"},"message":"Watching \"C:\\Users\\Mieraf\\Desktop\\EVANGADI\\PracticeProject\\adiss\\amazon\\functions\" for Cloud Functions..."}}
[debug] [2023-08-10T17:31:13.156Z] Validating nodejs source
[debug] [2023-08-10T17:31:16.340Z] > [functions] package.json contents: {
  "name": "functions",
  "description": "Cloud Functions for Firebase",
  "scripts": {
    "lint": "eslint .",
    "serve": "firebase emulators:start --only functions",
    "shell": "firebase functions:shell",
    "start": "npm run shell",
    "deploy": "firebase deploy --only functions",
    "logs": "firebase functions:log"
  },
  "engines": {
    "node": "18"
  },
  "main": "index.js",
  "dependencies": {
    "cors": "^2.8.5",
    "express": "^4.18.2",
    "firebase-admin": "^11.8.0",
    "firebase-functions": "^4.3.1",
    "stripe": "^12.17.0"
  },
  "devDependencies": {
    "eslint": "^8.15.0",
    "eslint-config-google": "^0.14.0",
    "firebase-functions-test": "^3.1.0"
  },
  "private": true
}
[debug] [2023-08-10T17:31:16.340Z] Building nodejs source
[debug] [2023-08-10T17:31:16.340Z] Failed to find version of module node: reached end of search path C:\Users\Mieraf\Desktop\EVANGADI\PracticeProject\adiss\amazon\functions\node_modules
[info] +  functions: Using node@18 from host. 
[debug] [2023-08-10T17:31:16.344Z] Could not find functions.yaml. Must use http discovery
[debug] [2023-08-10T17:31:16.370Z] Found firebase-functions binary at 'C:\Users\Mieraf\Desktop\EVANGADI\PracticeProject\adiss\amazon\functions\node_modules\.bin\firebase-functions'
[info] Serving at port 8894

[debug] [2023-08-10T17:31:17.692Z] Got response from /__/functions.yaml {"endpoints":{"api":{"platform":"gcfv1","availableMemoryMb":null,"timeoutSeconds":null,"minInstances":null,"maxInstances":null,"ingressSettings":null,"serviceAccountEmail":null,"vpc":null,"httpsTrigger":{},"entryPoint":"api"}},"specVersion":"v1alpha1","requiredAPIs":[]}
[info] shutdown requested via /__/quitquitquit

[info] +  functions: Loaded functions definitions from source: api. {"metadata":{"emulator":{"name":"functions"},"message":"Loaded functions definitions from source: api."}}
[info] +  functions[us-central1-api]: http function initialized (http://127.0.0.1:5001/clone-af9b6/us-central1/api). {"metadata":{"emulator":{"name":"functions"},"message":"\u001b[1mhttp\u001b[22m function initialized (http://127.0.0.1:5001/clone-af9b6/us-central1/api)."}}
[info] 
┌─────────────────────────────────────────────────────────────┐
│ ✔  All emulators ready! It is now safe to connect your app. │
│ i  View Emulator UI at http://127.0.0.1:4000/               │
└─────────────────────────────────────────────────────────────┘

┌───────────┬────────────────┬─────────────────────────────────┐
│ Emulator  │ Host:Port      │ View in Emulator UI             │
├───────────┼────────────────┼─────────────────────────────────┤
│ Functions │ 127.0.0.1:5001 │ http://127.0.0.1:4000/functions │
└───────────┴────────────────┴─────────────────────────────────┘
  Emulator Hub running at 127.0.0.1:4400
  Other reserved ports: 4500

Issues? Report them at https://github.com/firebase/firebase-tools/issues and attach the *-debug.log files.
 
[debug] [2023-08-10T17:33:09.427Z] [work-queue] {"queuedWork":["/clone-af9b6/us-central1/api/payments/create-2023-08-10T17:33:09.427Z"],"queueLength":1,"runningWork":[],"workRunningCount":0}
[debug] [2023-08-10T17:33:09.429Z] [work-queue] {"queuedWork":[],"queueLength":0,"runningWork":["/clone-af9b6/us-central1/api/payments/create-2023-08-10T17:33:09.427Z"],"workRunningCount":1}
[debug] [2023-08-10T17:33:09.430Z] Accepted request POST /clone-af9b6/us-central1/api/payments/create?total=607000 --> us-central1-api
[debug] [2023-08-10T17:33:09.443Z] [functions] Runtime ready! Sending request! {"metadata":{"emulator":{"name":"functions"},"message":"[functions] Runtime ready! Sending request!"}}
[debug] [2023-08-10T17:33:09.445Z] [functions] Got req.url=/clone-af9b6/us-central1/api/payments/create?total=607000, mapping to path=/payments/create?total=607000 {"metadata":{"emulator":{"name":"functions"},"message":"[functions] Got req.url=/clone-af9b6/us-central1/api/payments/create?total=607000, mapping to path=/payments/create?total=607000"}}
[debug] [2023-08-10T17:33:09.484Z] [worker-pool] addWorker(us-central1-api) {"metadata":{"emulator":{"name":"functions"},"message":"[worker-pool] addWorker(us-central1-api)"}}
[debug] [2023-08-10T17:33:09.489Z] [worker-pool] Adding worker with key us-central1-api, total=1 {"metadata":{"emulator":{"name":"functions"},"message":"[worker-pool] Adding worker with key us-central1-api, total=1"}}
[debug] [2023-08-10T17:33:09.498Z] [work-queue] {"queuedWork":["/clone-af9b6/us-central1/api/payments/create-2023-08-10T17:33:09.497Z"],"queueLength":1,"runningWork":["/clone-af9b6/us-central1/api/payments/create-2023-08-10T17:33:09.427Z"],"workRunningCount":1}
[debug] [2023-08-10T17:33:09.498Z] [work-queue] {"queuedWork":[],"queueLength":0,"runningWork":["/clone-af9b6/us-central1/api/payments/create-2023-08-10T17:33:09.427Z","/clone-af9b6/us-central1/api/payments/create-2023-08-10T17:33:09.497Z"],"workRunningCount":2}
[debug] [2023-08-10T17:33:09.498Z] Accepted request POST /clone-af9b6/us-central1/api/payments/create?total=607000 --> us-central1-api
[debug] [2023-08-10T17:33:09.502Z] [functions] Runtime ready! Sending request! {"metadata":{"emulator":{"name":"functions"},"message":"[functions] Runtime ready! Sending request!"}}
[debug] [2023-08-10T17:33:09.503Z] [functions] Got req.url=/clone-af9b6/us-central1/api/payments/create?total=607000, mapping to path=/payments/create?total=607000 {"metadata":{"emulator":{"name":"functions"},"message":"[functions] Got req.url=/clone-af9b6/us-central1/api/payments/create?total=607000, mapping to path=/payments/create?total=607000"}}
[debug] [2023-08-10T17:33:09.521Z] [worker-pool] addWorker(us-central1-api) {"metadata":{"emulator":{"name":"functions"},"message":"[worker-pool] addWorker(us-central1-api)"}}
[debug] [2023-08-10T17:33:09.522Z] [worker-pool] Adding worker with key us-central1-api, total=2 {"metadata":{"emulator":{"name":"functions"},"message":"[worker-pool] Adding worker with key us-central1-api, total=2"}}
[debug] [2023-08-10T17:33:13.298Z] [runtime-status] [2260] Resolved module firebase-admin {"declared":true,"installed":true,"version":"11.10.1","resolution":"C:\\Users\\Mieraf\\Desktop\\EVANGADI\\PracticeProject\\adiss\\amazon\\functions\\node_modules\\firebase-admin\\lib\\index.js"} {"metadata":{"emulator":{"name":"functions"},"function":{"name":"us-central1-api"},"extension":{},"message":"[runtime-status] [2260] Resolved module firebase-admin {\"declared\":true,\"installed\":true,\"version\":\"11.10.1\",\"resolution\":\"C:\\\\Users\\\\Mieraf\\\\Desktop\\\\EVANGADI\\\\PracticeProject\\\\adiss\\\\amazon\\\\functions\\\\node_modules\\\\firebase-admin\\\\lib\\\\index.js\"}"}}
[debug] [2023-08-10T17:33:13.299Z] [runtime-status] [5252] Resolved module firebase-admin {"declared":true,"installed":true,"version":"11.10.1","resolution":"C:\\Users\\Mieraf\\Desktop\\EVANGADI\\PracticeProject\\adiss\\amazon\\functions\\node_modules\\firebase-admin\\lib\\index.js"} {"metadata":{"emulator":{"name":"functions"},"function":{"name":"us-central1-api"},"extension":{},"message":"[runtime-status] [5252] Resolved module firebase-admin {\"declared\":true,\"installed\":true,\"version\":\"11.10.1\",\"resolution\":\"C:\\\\Users\\\\Mieraf\\\\Desktop\\\\EVANGADI\\\\PracticeProject\\\\adiss\\\\amazon\\\\functions\\\\node_modules\\\\firebase-admin\\\\lib\\\\index.js\"}"}}
[debug] [2023-08-10T17:33:13.301Z] [runtime-status] [2260] Resolved module firebase-functions {"declared":true,"installed":true,"version":"4.4.1","resolution":"C:\\Users\\Mieraf\\Desktop\\EVANGADI\\PracticeProject\\adiss\\amazon\\functions\\node_modules\\firebase-functions\\lib\\v1\\index.js"} {"metadata":{"emulator":{"name":"functions"},"function":{"name":"us-central1-api"},"extension":{},"message":"[runtime-status] [2260] Resolved module firebase-functions {\"declared\":true,\"installed\":true,\"version\":\"4.4.1\",\"resolution\":\"C:\\\\Users\\\\Mieraf\\\\Desktop\\\\EVANGADI\\\\PracticeProject\\\\adiss\\\\amazon\\\\functions\\\\node_modules\\\\firebase-functions\\\\lib\\\\v1\\\\index.js\"}"}}
[debug] [2023-08-10T17:33:13.302Z] [runtime-status] [5252] Resolved module firebase-functions {"declared":true,"installed":true,"version":"4.4.1","resolution":"C:\\Users\\Mieraf\\Desktop\\EVANGADI\\PracticeProject\\adiss\\amazon\\functions\\node_modules\\firebase-functions\\lib\\v1\\index.js"} {"metadata":{"emulator":{"name":"functions"},"function":{"name":"us-central1-api"},"extension":{},"message":"[runtime-status] [5252] Resolved module firebase-functions {\"declared\":true,\"installed\":true,\"version\":\"4.4.1\",\"resolution\":\"C:\\\\Users\\\\Mieraf\\\\Desktop\\\\EVANGADI\\\\PracticeProject\\\\adiss\\\\amazon\\\\functions\\\\node_modules\\\\firebase-functions\\\\lib\\\\v1\\\\index.js\"}"}}
[debug] [2023-08-10T17:33:13.302Z] [runtime-status] [2260] Outgoing network have been stubbed. [{"name":"http","status":"mocked"},{"name":"http","status":"mocked"},{"name":"https","status":"mocked"},{"name":"https","status":"mocked"},{"name":"net","status":"mocked"}] {"metadata":{"emulator":{"name":"functions"},"function":{"name":"us-central1-api"},"extension":{},"message":"[runtime-status] [2260] Outgoing network have been stubbed. [{\"name\":\"http\",\"status\":\"mocked\"},{\"name\":\"http\",\"status\":\"mocked\"},{\"name\":\"https\",\"status\":\"mocked\"},{\"name\":\"https\",\"status\":\"mocked\"},{\"name\":\"net\",\"status\":\"mocked\"}]"}}
[debug] [2023-08-10T17:33:13.302Z] [runtime-status] [5252] Outgoing network have been stubbed. [{"name":"http","status":"mocked"},{"name":"http","status":"mocked"},{"name":"https","status":"mocked"},{"name":"https","status":"mocked"},{"name":"net","status":"mocked"}] {"metadata":{"emulator":{"name":"functions"},"function":{"name":"us-central1-api"},"extension":{},"message":"[runtime-status] [5252] Outgoing network have been stubbed. [{\"name\":\"http\",\"status\":\"mocked\"},{\"name\":\"http\",\"status\":\"mocked\"},{\"name\":\"https\",\"status\":\"mocked\"},{\"name\":\"https\",\"status\":\"mocked\"},{\"name\":\"net\",\"status\":\"mocked\"}]"}}
[debug] [2023-08-10T17:33:13.304Z] [runtime-status] [2260] Resolved module firebase-functions {"declared":true,"installed":true,"version":"4.4.1","resolution":"C:\\Users\\Mieraf\\Desktop\\EVANGADI\\PracticeProject\\adiss\\amazon\\functions\\node_modules\\firebase-functions\\lib\\v1\\index.js"} {"metadata":{"emulator":{"name":"functions"},"function":{"name":"us-central1-api"},"extension":{},"message":"[runtime-status] [2260] Resolved module firebase-functions {\"declared\":true,\"installed\":true,\"version\":\"4.4.1\",\"resolution\":\"C:\\\\Users\\\\Mieraf\\\\Desktop\\\\EVANGADI\\\\PracticeProject\\\\adiss\\\\amazon\\\\functions\\\\node_modules\\\\firebase-functions\\\\lib\\\\v1\\\\index.js\"}"}}
[debug] [2023-08-10T17:33:13.304Z] [runtime-status] [5252] Resolved module firebase-functions {"declared":true,"installed":true,"version":"4.4.1","resolution":"C:\\Users\\Mieraf\\Desktop\\EVANGADI\\PracticeProject\\adiss\\amazon\\functions\\node_modules\\firebase-functions\\lib\\v1\\index.js"} {"metadata":{"emulator":{"name":"functions"},"function":{"name":"us-central1-api"},"extension":{},"message":"[runtime-status] [5252] Resolved module firebase-functions {\"declared\":true,\"installed\":true,\"version\":\"4.4.1\",\"resolution\":\"C:\\\\Users\\\\Mieraf\\\\Desktop\\\\EVANGADI\\\\PracticeProject\\\\adiss\\\\amazon\\\\functions\\\\node_modules\\\\firebase-functions\\\\lib\\\\v1\\\\index.js\"}"}}
[debug] [2023-08-10T17:33:14.121Z] [runtime-status] [5252] Checked functions.config() {"config":{}} {"metadata":{"emulator":{"name":"functions"},"function":{"name":"us-central1-api"},"extension":{},"message":"[runtime-status] [5252] Checked functions.config() {\"config\":{}}"}}
[debug] [2023-08-10T17:33:14.122Z] [runtime-status] [2260] Checked functions.config() {"config":{}} {"metadata":{"emulator":{"name":"functions"},"function":{"name":"us-central1-api"},"extension":{},"message":"[runtime-status] [2260] Checked functions.config() {\"config\":{}}"}}
[debug] [2023-08-10T17:33:14.122Z] [runtime-status] [2260] firebase-functions has been stubbed. {"functionsResolution":{"declared":true,"installed":true,"version":"4.4.1","resolution":"C:\\Users\\Mieraf\\Desktop\\EVANGADI\\PracticeProject\\adiss\\amazon\\functions\\node_modules\\firebase-functions\\lib\\v1\\index.js"}} {"metadata":{"emulator":{"name":"functions"},"function":{"name":"us-central1-api"},"extension":{},"message":"[runtime-status] [2260] firebase-functions has been stubbed. {\"functionsResolution\":{\"declared\":true,\"installed\":true,\"version\":\"4.4.1\",\"resolution\":\"C:\\\\Users\\\\Mieraf\\\\Desktop\\\\EVANGADI\\\\PracticeProject\\\\adiss\\\\amazon\\\\functions\\\\node_modules\\\\firebase-functions\\\\lib\\\\v1\\\\index.js\"}}"}}
[debug] [2023-08-10T17:33:14.123Z] [runtime-status] [5252] firebase-functions has been stubbed. {"functionsResolution":{"declared":true,"installed":true,"version":"4.4.1","resolution":"C:\\Users\\Mieraf\\Desktop\\EVANGADI\\PracticeProject\\adiss\\amazon\\functions\\node_modules\\firebase-functions\\lib\\v1\\index.js"}} {"metadata":{"emulator":{"name":"functions"},"function":{"name":"us-central1-api"},"extension":{},"message":"[runtime-status] [5252] firebase-functions has been stubbed. {\"functionsResolution\":{\"declared\":true,\"installed\":true,\"version\":\"4.4.1\",\"resolution\":\"C:\\\\Users\\\\Mieraf\\\\Desktop\\\\EVANGADI\\\\PracticeProject\\\\adiss\\\\amazon\\\\functions\\\\node_modules\\\\firebase-functions\\\\lib\\\\v1\\\\index.js\"}}"}}
[debug] [2023-08-10T17:33:14.123Z] [runtime-status] [2260] Resolved module firebase-functions {"declared":true,"installed":true,"version":"4.4.1","resolution":"C:\\Users\\Mieraf\\Desktop\\EVANGADI\\PracticeProject\\adiss\\amazon\\functions\\node_modules\\firebase-functions\\lib\\v1\\index.js"} {"metadata":{"emulator":{"name":"functions"},"function":{"name":"us-central1-api"},"extension":{},"message":"[runtime-status] [2260] Resolved module firebase-functions {\"declared\":true,\"installed\":true,\"version\":\"4.4.1\",\"resolution\":\"C:\\\\Users\\\\Mieraf\\\\Desktop\\\\EVANGADI\\\\PracticeProject\\\\adiss\\\\amazon\\\\functions\\\\node_modules\\\\firebase-functions\\\\lib\\\\v1\\\\index.js\"}"}}
[debug] [2023-08-10T17:33:14.123Z] [runtime-status] [5252] Resolved module firebase-functions {"declared":true,"installed":true,"version":"4.4.1","resolution":"C:\\Users\\Mieraf\\Desktop\\EVANGADI\\PracticeProject\\adiss\\amazon\\functions\\node_modules\\firebase-functions\\lib\\v1\\index.js"} {"metadata":{"emulator":{"name":"functions"},"function":{"name":"us-central1-api"},"extension":{},"message":"[runtime-status] [5252] Resolved module firebase-functions {\"declared\":true,\"installed\":true,\"version\":\"4.4.1\",\"resolution\":\"C:\\\\Users\\\\Mieraf\\\\Desktop\\\\EVANGADI\\\\PracticeProject\\\\adiss\\\\amazon\\\\functions\\\\node_modules\\\\firebase-functions\\\\lib\\\\v1\\\\index.js\"}"}}
[debug] [2023-08-10T17:33:14.125Z] [runtime-status] [5252] Resolved module firebase-admin {"declared":true,"installed":true,"version":"11.10.1","resolution":"C:\\Users\\Mieraf\\Desktop\\EVANGADI\\PracticeProject\\adiss\\amazon\\functions\\node_modules\\firebase-admin\\lib\\index.js"} {"metadata":{"emulator":{"name":"functions"},"function":{"name":"us-central1-api"},"extension":{},"message":"[runtime-status] [5252] Resolved module firebase-admin {\"declared\":true,\"installed\":true,\"version\":\"11.10.1\",\"resolution\":\"C:\\\\Users\\\\Mieraf\\\\Desktop\\\\EVANGADI\\\\PracticeProject\\\\adiss\\\\amazon\\\\functions\\\\node_modules\\\\firebase-admin\\\\lib\\\\index.js\"}"}}
[debug] [2023-08-10T17:33:14.125Z] [runtime-status] [2260] Resolved module firebase-admin {"declared":true,"installed":true,"version":"11.10.1","resolution":"C:\\Users\\Mieraf\\Desktop\\EVANGADI\\PracticeProject\\adiss\\amazon\\functions\\node_modules\\firebase-admin\\lib\\index.js"} {"metadata":{"emulator":{"name":"functions"},"function":{"name":"us-central1-api"},"extension":{},"message":"[runtime-status] [2260] Resolved module firebase-admin {\"declared\":true,\"installed\":true,\"version\":\"11.10.1\",\"resolution\":\"C:\\\\Users\\\\Mieraf\\\\Desktop\\\\EVANGADI\\\\PracticeProject\\\\adiss\\\\amazon\\\\functions\\\\node_modules\\\\firebase-admin\\\\lib\\\\index.js\"}"}}
[debug] [2023-08-10T17:33:14.134Z] [runtime-status] [5252] Resolved module firebase-functions {"declared":true,"installed":true,"version":"4.4.1","resolution":"C:\\Users\\Mieraf\\Desktop\\EVANGADI\\PracticeProject\\adiss\\amazon\\functions\\node_modules\\firebase-functions\\lib\\v1\\index.js"} {"metadata":{"emulator":{"name":"functions"},"function":{"name":"us-central1-api"},"extension":{},"message":"[runtime-status] [5252] Resolved module firebase-functions {\"declared\":true,\"installed\":true,\"version\":\"4.4.1\",\"resolution\":\"C:\\\\Users\\\\Mieraf\\\\Desktop\\\\EVANGADI\\\\PracticeProject\\\\adiss\\\\amazon\\\\functions\\\\node_modules\\\\firebase-functions\\\\lib\\\\v1\\\\index.js\"}"}}
[debug] [2023-08-10T17:33:14.134Z] [runtime-status] [2260] Resolved module firebase-functions {"declared":true,"installed":true,"version":"4.4.1","resolution":"C:\\Users\\Mieraf\\Desktop\\EVANGADI\\PracticeProject\\adiss\\amazon\\functions\\node_modules\\firebase-functions\\lib\\v1\\index.js"} {"metadata":{"emulator":{"name":"functions"},"function":{"name":"us-central1-api"},"extension":{},"message":"[runtime-status] [2260] Resolved module firebase-functions {\"declared\":true,\"installed\":true,\"version\":\"4.4.1\",\"resolution\":\"C:\\\\Users\\\\Mieraf\\\\Desktop\\\\EVANGADI\\\\PracticeProject\\\\adiss\\\\amazon\\\\functions\\\\node_modules\\\\firebase-functions\\\\lib\\\\v1\\\\index.js\"}"}}
[debug] [2023-08-10T17:33:14.135Z] [runtime-status] [2260] firebase-admin has been stubbed. {"adminResolution":{"declared":true,"installed":true,"version":"11.10.1","resolution":"C:\\Users\\Mieraf\\Desktop\\EVANGADI\\PracticeProject\\adiss\\amazon\\functions\\node_modules\\firebase-admin\\lib\\index.js"}} {"metadata":{"emulator":{"name":"functions"},"function":{"name":"us-central1-api"},"extension":{},"message":"[runtime-status] [2260] firebase-admin has been stubbed. {\"adminResolution\":{\"declared\":true,\"installed\":true,\"version\":\"11.10.1\",\"resolution\":\"C:\\\\Users\\\\Mieraf\\\\Desktop\\\\EVANGADI\\\\PracticeProject\\\\adiss\\\\amazon\\\\functions\\\\node_modules\\\\firebase-admin\\\\lib\\\\index.js\"}}"}}
[debug] [2023-08-10T17:33:14.135Z] [runtime-status] [5252] firebase-admin has been stubbed. {"adminResolution":{"declared":true,"installed":true,"version":"11.10.1","resolution":"C:\\Users\\Mieraf\\Desktop\\EVANGADI\\PracticeProject\\adiss\\amazon\\functions\\node_modules\\firebase-admin\\lib\\index.js"}} {"metadata":{"emulator":{"name":"functions"},"function":{"name":"us-central1-api"},"extension":{},"message":"[runtime-status] [5252] firebase-admin has been stubbed. {\"adminResolution\":{\"declared\":true,\"installed\":true,\"version\":\"11.10.1\",\"resolution\":\"C:\\\\Users\\\\Mieraf\\\\Desktop\\\\EVANGADI\\\\PracticeProject\\\\adiss\\\\amazon\\\\functions\\\\node_modules\\\\firebase-admin\\\\lib\\\\index.js\"}}"}}
[debug] [2023-08-10T17:33:14.773Z] [runtime-status] [2260] Functions runtime initialized. {"cwd":"C:\\Users\\Mieraf\\Desktop\\EVANGADI\\PracticeProject\\adiss\\amazon\\functions","node_version":"18.16.0"} {"metadata":{"emulator":{"name":"functions"},"function":{"name":"us-central1-api"},"extension":{},"message":"[runtime-status] [2260] Functions runtime initialized. {\"cwd\":\"C:\\\\Users\\\\Mieraf\\\\Desktop\\\\EVANGADI\\\\PracticeProject\\\\adiss\\\\amazon\\\\functions\",\"node_version\":\"18.16.0\"}"}}
[debug] [2023-08-10T17:33:14.773Z] [runtime-status] [5252] Functions runtime initialized. {"cwd":"C:\\Users\\Mieraf\\Desktop\\EVANGADI\\PracticeProject\\adiss\\amazon\\functions","node_version":"18.16.0"} {"metadata":{"emulator":{"name":"functions"},"function":{"name":"us-central1-api"},"extension":{},"message":"[runtime-status] [5252] Functions runtime initialized. {\"cwd\":\"C:\\\\Users\\\\Mieraf\\\\Desktop\\\\EVANGADI\\\\PracticeProject\\\\adiss\\\\amazon\\\\functions\",\"node_version\":\"18.16.0\"}"}}
[debug] [2023-08-10T17:33:14.773Z] [runtime-status] [5252] Listening to port: \\?\pipe\fire_emu_ee38b06874b8fecd {"metadata":{"emulator":{"name":"functions"},"function":{"name":"us-central1-api"},"extension":{},"message":"[runtime-status] [5252] Listening to port: \\\\?\\pipe\\fire_emu_ee38b06874b8fecd"}}
[debug] [2023-08-10T17:33:14.774Z] [runtime-status] [2260] Listening to port: \\?\pipe\fire_emu_e868b8a48863ab12 {"metadata":{"emulator":{"name":"functions"},"function":{"name":"us-central1-api"},"extension":{},"message":"[runtime-status] [2260] Listening to port: \\\\?\\pipe\\fire_emu_e868b8a48863ab12"}}
[debug] [2023-08-10T17:33:14.811Z] [worker-us-central1-api-d1428fd3-7376-4312-ae2c-a249300d11dc]: IDLE {"metadata":{"emulator":{"name":"functions"},"function":{"name":"us-central1-api"},"extension":{},"message":"[worker-us-central1-api-d1428fd3-7376-4312-ae2c-a249300d11dc]: IDLE"}}
[debug] [2023-08-10T17:33:14.812Z] [worker-pool] submitRequest(triggerId=us-central1-api) {"metadata":{"emulator":{"name":"functions"},"message":"[worker-pool] submitRequest(triggerId=us-central1-api)"}}
[info] i  functions: Beginning execution of "us-central1-api" {"metadata":{"emulator":{"name":"functions"},"function":{"name":"us-central1-api"},"extension":{},"message":"Beginning execution of \"us-central1-api\""}}
[debug] [2023-08-10T17:33:14.814Z] [worker-us-central1-api-d1428fd3-7376-4312-ae2c-a249300d11dc]: BUSY {"metadata":{"emulator":{"name":"functions"},"function":{"name":"us-central1-api"},"extension":{},"message":"[worker-us-central1-api-d1428fd3-7376-4312-ae2c-a249300d11dc]: BUSY"}}
[debug] [2023-08-10T17:33:14.816Z] [worker-us-central1-api-2fe5a56f-506c-4d74-aba2-fa1742c5b33a]: IDLE {"metadata":{"emulator":{"name":"functions"},"function":{"name":"us-central1-api"},"extension":{},"message":"[worker-us-central1-api-2fe5a56f-506c-4d74-aba2-fa1742c5b33a]: IDLE"}}
[debug] [2023-08-10T17:33:14.817Z] [worker-pool] submitRequest(triggerId=us-central1-api) {"metadata":{"emulator":{"name":"functions"},"message":"[worker-pool] submitRequest(triggerId=us-central1-api)"}}
[info] i  functions: Beginning execution of "us-central1-api" {"metadata":{"emulator":{"name":"functions"},"function":{"name":"us-central1-api"},"extension":{},"message":"Beginning execution of \"us-central1-api\""}}
[debug] [2023-08-10T17:33:14.819Z] [worker-us-central1-api-2fe5a56f-506c-4d74-aba2-fa1742c5b33a]: BUSY {"metadata":{"emulator":{"name":"functions"},"function":{"name":"us-central1-api"},"extension":{},"message":"[worker-us-central1-api-2fe5a56f-506c-4d74-aba2-fa1742c5b33a]: BUSY"}}
[info] >  Payment Request Recieved for this amount >>>  607000 {"user":"Payment Request Recieved for this amount >>>  607000","metadata":{"emulator":{"name":"functions"},"function":{"name":"us-central1-api"},"extension":{},"message":"\u001b[90m> \u001b[39m Payment Request Recieved for this amount >>>  607000"}}
[info] >  Payment Request Recieved for this amount >>>  607000 {"user":"Payment Request Recieved for this amount >>>  607000","metadata":{"emulator":{"name":"functions"},"function":{"name":"us-central1-api"},"extension":{},"message":"\u001b[90m> \u001b[39m Payment Request Recieved for this amount >>>  607000"}}
[debug] [2023-08-10T17:33:16.027Z] Finishing up request with event=pause {"metadata":{"emulator":{"name":"functions"},"function":{"name":"us-central1-api"},"extension":{},"message":"Finishing up request with event=pause"}}
[info] i  functions: Finished "us-central1-api" in 1209.7311ms {"metadata":{"emulator":{"name":"functions"},"function":{"name":"us-central1-api"},"extension":{},"message":"Finished \"us-central1-api\" in 1209.7311ms"}}
[debug] [2023-08-10T17:33:16.030Z] [worker-us-central1-api-2fe5a56f-506c-4d74-aba2-fa1742c5b33a]: IDLE {"metadata":{"emulator":{"name":"functions"},"function":{"name":"us-central1-api"},"extension":{},"message":"[worker-us-central1-api-2fe5a56f-506c-4d74-aba2-fa1742c5b33a]: IDLE"}}
[debug] [2023-08-10T17:33:16.031Z] Finishing up request with event=finish {"metadata":{"emulator":{"name":"functions"},"function":{"name":"us-central1-api"},"extension":{},"message":"Finishing up request with event=finish"}}
[debug] [2023-08-10T17:33:16.032Z] Finishing up request with event=close {"metadata":{"emulator":{"name":"functions"},"function":{"name":"us-central1-api"},"extension":{},"message":"Finishing up request with event=close"}}
[debug] [2023-08-10T17:33:16.032Z] [work-queue] {"queuedWork":[],"queueLength":0,"runningWork":["/clone-af9b6/us-central1/api/payments/create-2023-08-10T17:33:09.427Z"],"workRunningCount":1}
[debug] [2023-08-10T17:33:16.035Z] Finishing up request with event=pause {"metadata":{"emulator":{"name":"functions"},"function":{"name":"us-central1-api"},"extension":{},"message":"Finishing up request with event=pause"}}
[info] i  functions: Finished "us-central1-api" in 1222.4651ms {"metadata":{"emulator":{"name":"functions"},"function":{"name":"us-central1-api"},"extension":{},"message":"Finished \"us-central1-api\" in 1222.4651ms"}}
[debug] [2023-08-10T17:33:16.039Z] [worker-us-central1-api-d1428fd3-7376-4312-ae2c-a249300d11dc]: IDLE {"metadata":{"emulator":{"name":"functions"},"function":{"name":"us-central1-api"},"extension":{},"message":"[worker-us-central1-api-d1428fd3-7376-4312-ae2c-a249300d11dc]: IDLE"}}
[debug] [2023-08-10T17:33:16.040Z] Finishing up request with event=finish {"metadata":{"emulator":{"name":"functions"},"function":{"name":"us-central1-api"},"extension":{},"message":"Finishing up request with event=finish"}}
[debug] [2023-08-10T17:33:16.040Z] Finishing up request with event=close {"metadata":{"emulator":{"name":"functions"},"function":{"name":"us-central1-api"},"extension":{},"message":"Finishing up request with event=close"}}
[debug] [2023-08-10T17:33:16.041Z] [work-queue] {"queuedWork":[],"queueLength":0,"runningWork":[],"workRunningCount":0}
[debug] [2023-08-10T17:35:08.638Z] [work-queue] {"queuedWork":["/clone-af9b6/us-central1/api/payments/create-2023-08-10T17:35:08.638Z"],"queueLength":1,"runningWork":[],"workRunningCount":0}
[debug] [2023-08-10T17:35:08.639Z] [work-queue] {"queuedWork":[],"queueLength":0,"runningWork":["/clone-af9b6/us-central1/api/payments/create-2023-08-10T17:35:08.638Z"],"workRunningCount":1}
[debug] [2023-08-10T17:35:08.640Z] Accepted request POST /clone-af9b6/us-central1/api/payments/create?total=67000 --> us-central1-api
[debug] [2023-08-10T17:35:08.649Z] [functions] Runtime ready! Sending request! {"metadata":{"emulator":{"name":"functions"},"message":"[functions] Runtime ready! Sending request!"}}
[debug] [2023-08-10T17:35:08.650Z] [functions] Got req.url=/clone-af9b6/us-central1/api/payments/create?total=67000, mapping to path=/payments/create?total=67000 {"metadata":{"emulator":{"name":"functions"},"message":"[functions] Got req.url=/clone-af9b6/us-central1/api/payments/create?total=67000, mapping to path=/payments/create?total=67000"}}
[debug] [2023-08-10T17:35:08.650Z] [worker-pool] submitRequest(triggerId=us-central1-api) {"metadata":{"emulator":{"name":"functions"},"message":"[worker-pool] submitRequest(triggerId=us-central1-api)"}}
[info] i  functions: Beginning execution of "us-central1-api" {"metadata":{"emulator":{"name":"functions"},"function":{"name":"us-central1-api"},"extension":{},"message":"Beginning execution of \"us-central1-api\""}}
[debug] [2023-08-10T17:35:08.653Z] [worker-us-central1-api-d1428fd3-7376-4312-ae2c-a249300d11dc]: BUSY {"metadata":{"emulator":{"name":"functions"},"function":{"name":"us-central1-api"},"extension":{},"message":"[worker-us-central1-api-d1428fd3-7376-4312-ae2c-a249300d11dc]: BUSY"}}
[debug] [2023-08-10T17:35:08.658Z] [work-queue] {"queuedWork":["/clone-af9b6/us-central1/api/payments/create-2023-08-10T17:35:08.658Z"],"queueLength":1,"runningWork":["/clone-af9b6/us-central1/api/payments/create-2023-08-10T17:35:08.638Z"],"workRunningCount":1}
[debug] [2023-08-10T17:35:08.658Z] [work-queue] {"queuedWork":[],"queueLength":0,"runningWork":["/clone-af9b6/us-central1/api/payments/create-2023-08-10T17:35:08.638Z","/clone-af9b6/us-central1/api/payments/create-2023-08-10T17:35:08.658Z"],"workRunningCount":2}
[debug] [2023-08-10T17:35:08.659Z] Accepted request POST /clone-af9b6/us-central1/api/payments/create?total=67000 --> us-central1-api
[debug] [2023-08-10T17:35:08.665Z] [functions] Runtime ready! Sending request! {"metadata":{"emulator":{"name":"functions"},"message":"[functions] Runtime ready! Sending request!"}}
[debug] [2023-08-10T17:35:08.666Z] [functions] Got req.url=/clone-af9b6/us-central1/api/payments/create?total=67000, mapping to path=/payments/create?total=67000 {"metadata":{"emulator":{"name":"functions"},"message":"[functions] Got req.url=/clone-af9b6/us-central1/api/payments/create?total=67000, mapping to path=/payments/create?total=67000"}}
[debug] [2023-08-10T17:35:08.666Z] [worker-pool] submitRequest(triggerId=us-central1-api) {"metadata":{"emulator":{"name":"functions"},"message":"[worker-pool] submitRequest(triggerId=us-central1-api)"}}
[info] i  functions: Beginning execution of "us-central1-api" {"metadata":{"emulator":{"name":"functions"},"function":{"name":"us-central1-api"},"extension":{},"message":"Beginning execution of \"us-central1-api\""}}
[debug] [2023-08-10T17:35:08.668Z] [worker-us-central1-api-2fe5a56f-506c-4d74-aba2-fa1742c5b33a]: BUSY {"metadata":{"emulator":{"name":"functions"},"function":{"name":"us-central1-api"},"extension":{},"message":"[worker-us-central1-api-2fe5a56f-506c-4d74-aba2-fa1742c5b33a]: BUSY"}}
[info] >  Payment Request Recieved for this amount >>>  67000 {"user":"Payment Request Recieved for this amount >>>  67000","metadata":{"emulator":{"name":"functions"},"function":{"name":"us-central1-api"},"extension":{},"message":"\u001b[90m> \u001b[39m Payment Request Recieved for this amount >>>  67000"}}
[info] >  Payment Request Recieved for this amount >>>  67000 {"user":"Payment Request Recieved for this amount >>>  67000","metadata":{"emulator":{"name":"functions"},"function":{"name":"us-central1-api"},"extension":{},"message":"\u001b[90m> \u001b[39m Payment Request Recieved for this amount >>>  67000"}}
[debug] [2023-08-10T17:35:09.038Z] Finishing up request with event=pause {"metadata":{"emulator":{"name":"functions"},"function":{"name":"us-central1-api"},"extension":{},"message":"Finishing up request with event=pause"}}
[info] i  functions: Finished "us-central1-api" in 385.1765ms {"metadata":{"emulator":{"name":"functions"},"function":{"name":"us-central1-api"},"extension":{},"message":"Finished \"us-central1-api\" in 385.1765ms"}}
[debug] [2023-08-10T17:35:09.040Z] [worker-us-central1-api-d1428fd3-7376-4312-ae2c-a249300d11dc]: IDLE {"metadata":{"emulator":{"name":"functions"},"function":{"name":"us-central1-api"},"extension":{},"message":"[worker-us-central1-api-d1428fd3-7376-4312-ae2c-a249300d11dc]: IDLE"}}
[debug] [2023-08-10T17:35:09.040Z] Finishing up request with event=finish {"metadata":{"emulator":{"name":"functions"},"function":{"name":"us-central1-api"},"extension":{},"message":"Finishing up request with event=finish"}}
[debug] [2023-08-10T17:35:09.041Z] Finishing up request with event=close {"metadata":{"emulator":{"name":"functions"},"function":{"name":"us-central1-api"},"extension":{},"message":"Finishing up request with event=close"}}
[debug] [2023-08-10T17:35:09.042Z] [work-queue] {"queuedWork":[],"queueLength":0,"runningWork":["/clone-af9b6/us-central1/api/payments/create-2023-08-10T17:35:08.658Z"],"workRunningCount":1}
[debug] [2023-08-10T17:35:09.050Z] Finishing up request with event=pause {"metadata":{"emulator":{"name":"functions"},"function":{"name":"us-central1-api"},"extension":{},"message":"Finishing up request with event=pause"}}
[info] i  functions: Finished "us-central1-api" in 382.9083ms {"metadata":{"emulator":{"name":"functions"},"function":{"name":"us-central1-api"},"extension":{},"message":"Finished \"us-central1-api\" in 382.9083ms"}}
[debug] [2023-08-10T17:35:09.055Z] [worker-us-central1-api-2fe5a56f-506c-4d74-aba2-fa1742c5b33a]: IDLE {"metadata":{"emulator":{"name":"functions"},"function":{"name":"us-central1-api"},"extension":{},"message":"[worker-us-central1-api-2fe5a56f-506c-4d74-aba2-fa1742c5b33a]: IDLE"}}
[debug] [2023-08-10T17:35:09.056Z] Finishing up request with event=finish {"metadata":{"emulator":{"name":"functions"},"function":{"name":"us-central1-api"},"extension":{},"message":"Finishing up request with event=finish"}}
[debug] [2023-08-10T17:35:09.057Z] Finishing up request with event=close {"metadata":{"emulator":{"name":"functions"},"function":{"name":"us-central1-api"},"extension":{},"message":"Finishing up request with event=close"}}
[debug] [2023-08-10T17:35:09.057Z] [work-queue] {"queuedWork":[],"queueLength":0,"runningWork":[],"workRunningCount":0}
